
> seizn@0.1.0 build
> node scripts/check-route-conflicts.js && next build

🔍 Checking for Next.js route conflicts...

✅ No route conflicts found!

   ▲ Next.js 15.5.9
   - Environments: .env.local
   - Experiments (use with caution):
     · clientTraceMetadata

   Creating an optimized production build ...
Found 1 warning while optimizing generated CSS:

[2m│   }[22m
[2m│ }[22m
[2m│[22m @import url('https://cdn.jsdelivr.net/gh/orioncactus/pretendard@v1.3.9/dist/web/variable/pretendardvariable.min.css');
[2m┆[22m        [33m[2m^--[22m @import rules must precede all rules aside from @charset and @layer statements[39m
[2m┆[22m
[2m│ :root {[22m
[2m│   --background: #ffffff;[22m

 ✓ Compiled successfully in 60s
   Skipping linting
   Checking validity of types ...
   Collecting page data ...
 ⚠ Using edge runtime on a page currently disables static generation for that page
   Generating static pages (0/423) ...
   Generating static pages (105/423) 
   Generating static pages (211/423) 
   Generating static pages (317/423) 
 ✓ Generating static pages (423/423)
   Finalizing page optimization ...
   Collecting build traces ...

Route (app)                                             Size  First Load JS
┌ ƒ /                                                  683 B         221 kB
├ ○ /_not-found                                        683 B         221 kB
├ ● /[locale]                                          12 kB         234 kB
├   ├ /en
├   ├ /ko
├   ├ /ja
├   └ [+15 more paths]
├ ● /[locale]/docs                                   7.92 kB         230 kB
├   ├ /en/docs
├   ├ /ko/docs
├   ├ /ja/docs
├   └ [+15 more paths]
├ ● /[locale]/docs/api-reference                     5.13 kB         227 kB
├   ├ /en/docs/api-reference
├   ├ /ko/docs/api-reference
├   ├ /ja/docs/api-reference
├   └ [+15 more paths]
├ ● /[locale]/docs/components                        19.9 kB         242 kB
├   ├ /en/docs/components
├   ├ /ko/docs/components
├   ├ /ja/docs/components
├   └ [+15 more paths]
├ ● /[locale]/docs/errors                             151 kB         380 kB
├   ├ /en/docs/errors
├   ├ /ko/docs/errors
├   ├ /ja/docs/errors
├   └ [+15 more paths]
├ ● /[locale]/docs/faq                               3.29 kB         225 kB
├   ├ /en/docs/faq
├   ├ /ko/docs/faq
├   ├ /ja/docs/faq
├   └ [+15 more paths]
├ ● /[locale]/docs/quickstart                        5.02 kB         227 kB
├   ├ /en/docs/quickstart
├   ├ /ko/docs/quickstart
├   ├ /ja/docs/quickstart
├   └ [+15 more paths]
├ ● /[locale]/docs/tutorial                          5.51 kB         227 kB
├   ├ /en/docs/tutorial
├   ├ /ko/docs/tutorial
├   ├ /ja/docs/tutorial
├   └ [+15 more paths]
├ ● /[locale]/enterprise                             1.86 kB         224 kB
├   ├ /en/enterprise
├   ├ /ko/enterprise
├   ├ /ja/enterprise
├   └ [+15 more paths]
├ ● /[locale]/pricing                                4.37 kB         226 kB
├   ├ /en/pricing
├   ├ /ko/pricing
├   ├ /ja/pricing
├   └ [+15 more paths]
├ ● /[locale]/summer                                 5.36 kB         227 kB
├   ├ /en/summer
├   ├ /ko/summer
├   ├ /ja/summer
├   └ [+15 more paths]
├ ƒ /api/adapters                                      683 B         221 kB
├ ƒ /api/adapters/[id]                                 683 B         221 kB
├ ƒ /api/adapters/[id]/apply                           683 B         221 kB
├ ƒ /api/adapters/[id]/signals                         683 B         221 kB
├ ƒ /api/adapters/[id]/train                           683 B         221 kB
├ ƒ /api/admin/federated/access                        683 B         221 kB
├ ƒ /api/admin/federated/audit                         683 B         221 kB
├ ƒ /api/admin/federated/sources                       683 B         221 kB
├ ƒ /api/admin/federated/sources/[id]                  683 B         221 kB
├ ƒ /api/answer-contract/history                       683 B         221 kB
├ ƒ /api/answer-contract/policies                      683 B         221 kB
├ ƒ /api/answer-contract/verify                        683 B         221 kB
├ ƒ /api/audit-logs                                    683 B         221 kB
├ ƒ /api/auth/[...nextauth]                            683 B         221 kB
├ ƒ /api/auth/signup                                   683 B         221 kB
├ ƒ /api/auto-pr/analyze                               683 B         221 kB
├ ƒ /api/auto-pr/create-pr                             683 B         221 kB
├ ƒ /api/auto-pr/suggest                               683 B         221 kB
├ ƒ /api/autopilot/analyze                             683 B         221 kB
├ ƒ /api/autopilot/config                              683 B         221 kB
├ ƒ /api/autopilot/decide                              683 B         221 kB
├ ƒ /api/autopilot/feedback                            683 B         221 kB
├ ƒ /api/autopilot/fix                                 683 B         221 kB
├ ƒ /api/autopilot/pr                                  683 B         221 kB
├ ƒ /api/autopilot/stats                               683 B         221 kB
├ ƒ /api/autopilot/status/[prId]                       683 B         221 kB
├ ƒ /api/budget                                        683 B         221 kB
├ ƒ /api/budget/alerts                                 683 B         221 kB
├ ƒ /api/budget/degrade-events                         683 B         221 kB
├ ƒ /api/budget/estimate                               683 B         221 kB
├ ƒ /api/budget/optimize                               683 B         221 kB
├ ƒ /api/budget/settings                               683 B         221 kB
├ ƒ /api/budget/stats                                  683 B         221 kB
├ ƒ /api/budget/usage                                  683 B         221 kB
├ ƒ /api/canary/action                                 683 B         221 kB
├ ƒ /api/canary/deploy                                 683 B         221 kB
├ ƒ /api/ci/report                                     683 B         221 kB
├ ƒ /api/ci/tests/[traceId]                            683 B         221 kB
├ ƒ /api/ci/traces                                     683 B         221 kB
├ ƒ /api/compression/compress                          683 B         221 kB
├ ƒ /api/compression/expand                            683 B         221 kB
├ ƒ /api/cost-engineering/optimize                     683 B         221 kB
├ ƒ /api/cost-engineering/recommendations              683 B         221 kB
├ ƒ /api/cost-engineering/stats                        683 B         221 kB
├ ƒ /api/cron/drift-analysis                           683 B         221 kB
├ ƒ /api/cron/monthly-reset                            683 B         221 kB
├ ƒ /api/cron/subscription-expiry                      683 B         221 kB
├ ƒ /api/cron/usage-alerts                             683 B         221 kB
├ ƒ /api/cron/usage-cleanup                            683 B         221 kB
├ ƒ /api/cron/weekly-summary                           683 B         221 kB
├ ƒ /api/dashboard/activity                            683 B         221 kB
├ ƒ /api/dashboard/analytics                           683 B         221 kB
├ ƒ /api/dashboard/keys                                683 B         221 kB
├ ƒ /api/dashboard/keys/rotate                         683 B         221 kB
├ ƒ /api/dashboard/stats                               683 B         221 kB
├ ƒ /api/dashboard/usage                               683 B         221 kB
├ ƒ /api/demo/query                                    683 B         221 kB
├ ƒ /api/demo/session                                  683 B         221 kB
├ ƒ /api/doc-to-db/extract                             683 B         221 kB
├ ƒ /api/doc-to-db/search                              683 B         221 kB
├ ƒ /api/doc-to-db/structures                          683 B         221 kB
├ ƒ /api/doc-to-db/structures/[id]                     683 B         221 kB
├ ƒ /api/drift/alerts                                  683 B         221 kB
├ ƒ /api/drift/alerts/[id]/acknowledge                 683 B         221 kB
├ ƒ /api/drift/analyze                                 683 B         221 kB
├ ƒ /api/drift/snapshots                               683 B         221 kB
├ ƒ /api/ecl/models                                    683 B         221 kB
├ ƒ /api/ecl/train                                     683 B         221 kB
├ ƒ /api/ecl/translate                                 683 B         221 kB
├ ƒ /api/enterprise                                    683 B         221 kB
├ ƒ /api/enterprise/sso                                683 B         221 kB
├ ƒ /api/extract                                       683 B         221 kB
├ ƒ /api/extract/image                                 683 B         221 kB
├ ƒ /api/fall/contracts                                683 B         221 kB
├ ƒ /api/fall/contracts/[id]                           683 B         221 kB
├ ƒ /api/fall/contracts/validate                       683 B         221 kB
├ ƒ /api/fall/eval/datasets                            683 B         221 kB
├ ƒ /api/fall/eval/datasets/[id]                       683 B         221 kB
├ ƒ /api/fall/eval/generate-from-traffic               683 B         221 kB
├ ƒ /api/fall/eval/results/[id]                        683 B         221 kB
├ ƒ /api/fall/eval/run                                 683 B         221 kB
├ ƒ /api/fall/eval/runs                                683 B         221 kB
├ ƒ /api/fall/experiments                              683 B         221 kB
├ ƒ /api/fall/experiments/[id]/guardrails              683 B         221 kB
├ ƒ /api/fall/experiments/[id]/rollout                 683 B         221 kB
├ ƒ /api/fall/experiments/[id]/winner                  683 B         221 kB
├ ƒ /api/fall/healing/analyze                          683 B         221 kB
├ ƒ /api/fall/healing/fix                              683 B         221 kB
├ ƒ /api/fall/healing/history                          683 B         221 kB
├ ƒ /api/fall/traces                                   683 B         221 kB
├ ƒ /api/fall/tuning/hnsw                              683 B         221 kB
├ ƒ /api/fall/tuning/hnsw/apply                        683 B         221 kB
├ ƒ /api/federated                                     683 B         221 kB
├ ƒ /api/feedback                                      683 B         221 kB
├ ƒ /api/firewall/scan                                 683 B         221 kB
├ ƒ /api/gateway/proxy                                 683 B         221 kB
├ ƒ /api/graph-rag/extract                             683 B         221 kB
├ ƒ /api/graph-rag/search                              683 B         221 kB
├ ƒ /api/healing/health                                683 B         221 kB
├ ƒ /api/healing/jobs                                  683 B         221 kB
├ ƒ /api/healing/rules                                 683 B         221 kB
├ ƒ /api/healing/scan                                  683 B         221 kB
├ ƒ /api/health                                        683 B         221 kB
├ ƒ /api/hybrid/compare                                683 B         221 kB
├ ƒ /api/hybrid/config                                 683 B         221 kB
├ ƒ /api/hybrid/config/[id]                            683 B         221 kB
├ ƒ /api/hybrid/retrieve                               683 B         221 kB
├ ƒ /api/internal/optimize                             683 B         221 kB
├ ƒ /api/internal/seed-demo                            683 B         221 kB
├ ƒ /api/internal/webhooks                             683 B         221 kB
├ ƒ /api/keys                                          683 B         221 kB
├ ƒ /api/knowledge-gaps                                683 B         221 kB
├ ƒ /api/knowledge-gaps/[id]                           683 B         221 kB
├ ƒ /api/knowledge-gaps/[id]/actions                   683 B         221 kB
├ ƒ /api/knowledge-gaps/analyze                        683 B         221 kB
├ ƒ /api/me                                            683 B         221 kB
├ ƒ /api/memories                                      683 B         221 kB
├ ƒ /api/memories/[id]                                 683 B         221 kB
├ ƒ /api/memories/compact                              683 B         221 kB
├ ƒ /api/memories/export                               683 B         221 kB
├ ƒ /api/memories/import                               683 B         221 kB
├ ƒ /api/memories/profile                              683 B         221 kB
├ ƒ /api/memories/slots                                683 B         221 kB
├ ƒ /api/monitoring/slo                                683 B         221 kB
├ ƒ /api/multimodal/blocks                             683 B         221 kB
├ ƒ /api/multimodal/parse                              683 B         221 kB
├ ƒ /api/multimodal/search                             683 B         221 kB
├ ƒ /api/network-learning/consent                      683 B         221 kB
├ ƒ /api/network-learning/insights                     683 B         221 kB
├ ƒ /api/network-learning/policy                       683 B         221 kB
├ ƒ /api/onboarding/analyze                            683 B         221 kB
├ ƒ /api/organizations                                 683 B         221 kB
├ ƒ /api/organizations/invite/accept                   683 B         221 kB
├ ƒ /api/organizations/members                         683 B         221 kB
├ ƒ /api/organizations/usage                           683 B         221 kB
├ ƒ /api/pcr/create                                    683 B         221 kB
├ ƒ /api/pcr/export                                    683 B         221 kB
├ ƒ /api/planner/optimize                              683 B         221 kB
├ ƒ /api/planner/plans                                 683 B         221 kB
├ ƒ /api/planner/select                                683 B         221 kB
├ ƒ /api/plans                                         683 B         221 kB
├ ƒ /api/playground/query                              683 B         221 kB
├ ƒ /api/playground/replay                             683 B         221 kB
├ ƒ /api/policies                                      683 B         221 kB
├ ƒ /api/policies/[id]                                 683 B         221 kB
├ ƒ /api/policies/simulate                             683 B         221 kB
├ ƒ /api/policies/simulations/[id]                     683 B         221 kB
├ ƒ /api/policies/validate                             683 B         221 kB
├ ƒ /api/profile/language                              683 B         221 kB
├ ƒ /api/public/demo-search                            683 B         221 kB
├ ƒ /api/query                                         683 B         221 kB
├ ƒ /api/quota                                         683 B         221 kB
├ ƒ /api/relay/agents                                  683 B         221 kB
├ ƒ /api/relay/agents/[id]                             683 B         221 kB
├ ƒ /api/relay/agents/[id]/key                         683 B         221 kB
├ ƒ /api/relay/callback                                683 B         221 kB
├ ƒ /api/relay/health                                  683 B         221 kB
├ ƒ /api/reports/roi                                   683 B         221 kB
├ ƒ /api/rerank                                        683 B         221 kB
├ ƒ /api/retrieval/replay/[id]                         683 B         221 kB
├ ƒ /api/retrieval/traces                              683 B         221 kB
├ ƒ /api/retrieval/traces/[id]                         683 B         221 kB
├ ƒ /api/retrieval/traces/[id]/receipt                 683 B         221 kB
├ ƒ /api/retrieval/traces/[id]/receipt/download        683 B         221 kB
├ ƒ /api/retrieval/traces/[id]/share                   683 B         221 kB
├ ƒ /api/retrieval/traces/[id]/why-not                 683 B         221 kB
├ ƒ /api/retrieval/why-not                             683 B         221 kB
├ ƒ /api/scim/v2/Users                                 683 B         221 kB
├ ƒ /api/scim/v2/Users/[id]                            683 B         221 kB
├ ƒ /api/security/audit                                683 B         221 kB
├ ƒ /api/sentry/incidents                              683 B         221 kB
├ ƒ /api/sentry/incidents/[id]                         683 B         221 kB
├ ƒ /api/sentry/incidents/[id]/ignore                  683 B         221 kB
├ ƒ /api/sentry/incidents/[id]/resolve                 683 B         221 kB
├ ƒ /api/sentry/trigger                                683 B         221 kB
├ ƒ /api/settings/provider-keys                        683 B         221 kB
├ ƒ /api/status                                        683 B         221 kB
├ ƒ /api/summarize                                     683 B         221 kB
├ ƒ /api/summer/cache                                  683 B         221 kB
├ ƒ /api/summer/cache/invalidate                       683 B         221 kB
├ ƒ /api/summer/cache/query                            683 B         221 kB
├ ƒ /api/summer/cache/stats                            683 B         221 kB
├ ƒ /api/summer/collections                            683 B         221 kB
├ ƒ /api/summer/explain                                683 B         221 kB
├ ƒ /api/summer/explain/[queryId]                      683 B         221 kB
├ ƒ /api/summer/feedback                               683 B         221 kB
├ ƒ /api/summer/index                                  683 B         221 kB
├ ƒ /api/summer/rag                                    683 B         221 kB
├ ƒ /api/summer/rerank                                 683 B         221 kB
├ ƒ /api/summer/rerank/batch                           683 B         221 kB
├ ƒ /api/summer/rerank/estimate                        683 B         221 kB
├ ƒ /api/summer/retops/alerts                          683 B         221 kB
├ ƒ /api/summer/retops/alerts/[alertId]/acknowledge    683 B         221 kB
├ ƒ /api/summer/retops/alerts/[alertId]/resolve        683 B         221 kB
├ ƒ /api/summer/retops/metrics                         683 B         221 kB
├ ƒ /api/summer/retops/quality                         683 B         221 kB
├ ƒ /api/summer/retops/stats                           683 B         221 kB
├ ƒ /api/summer/retrieve                               683 B         221 kB
├ ƒ /api/summer/search                                 683 B         221 kB
├ ƒ /api/summer/versions                               683 B         221 kB
├ ƒ /api/summer/versions/[id]                          683 B         221 kB
├ ƒ /api/summer/versions/[id]/diff/[compareId]         683 B         221 kB
├ ƒ /api/summer/versions/[id]/restore                  683 B         221 kB
├ ƒ /api/t/[token]                                     683 B         221 kB
├ ƒ /api/tenant-policy                                 683 B         221 kB
├ ƒ /api/tenant-policy/enforce                         683 B         221 kB
├ ƒ /api/testing/cases                                 683 B         221 kB
├ ƒ /api/testing/cases/[id]                            683 B         221 kB
├ ƒ /api/testing/suites                                683 B         221 kB
├ ƒ /api/testing/suites/[id]                           683 B         221 kB
├ ƒ /api/testing/suites/[id]/generate                  683 B         221 kB
├ ƒ /api/testing/suites/[id]/results                   683 B         221 kB
├ ƒ /api/testing/suites/[id]/run                       683 B         221 kB
├ ƒ /api/traces                                        683 B         221 kB
├ ƒ /api/traces/[id]                                   683 B         221 kB
├ ƒ /api/traces/compare                                683 B         221 kB
├ ƒ /api/traces/replay                                 683 B         221 kB
├ ƒ /api/traces/share                                  683 B         221 kB
├ ƒ /api/traces/share/[shareId]                        683 B         221 kB
├ ƒ /api/traces/shared/[shareId]                       683 B         221 kB
├ ƒ /api/waitlist                                      683 B         221 kB
├ ƒ /api/webhooks                                      683 B         221 kB
├ ƒ /api/webhooks/deliveries                           683 B         221 kB
├ ƒ /api/webhooks/github                               683 B         221 kB
├ ƒ /api/webhooks/lemonsqueezy                         683 B         221 kB
├ ƒ /api/webhooks/paddle                               683 B         221 kB
├ ƒ /api/winter/cleanup                                683 B         221 kB
├ ƒ /api/winter/forget                                 683 B         221 kB
├ ƒ /api/winter/graph/data                             683 B         221 kB
├ ƒ /api/winter/graph/federated/query                  683 B         221 kB
├ ƒ /api/winter/graph/permissions/[nodeId]             683 B         221 kB
├ ƒ /api/winter/org                                    683 B         221 kB
├ ƒ /api/winter/org/[orgId]                            683 B         221 kB
├ ƒ /api/winter/org/[orgId]/audit                      683 B         221 kB
├ ƒ /api/winter/org/[orgId]/members                    683 B         221 kB
├ ƒ /api/winter/org/[orgId]/policies                   683 B         221 kB
├ ƒ /api/winter/org/[orgId]/reports                    683 B         221 kB
├ ƒ /api/winter/org/[orgId]/roles                      683 B         221 kB
├ ƒ /api/winter/rtbf                                   683 B         221 kB
├ ƒ /api/winter/rtbf/[requestId]                       683 B         221 kB
├ ƒ /api/winter/rtbf/[requestId]/execute               683 B         221 kB
├ ƒ /api/winter/rtbf/audit                             683 B         221 kB
├ ƒ /api/winter/rtbf/request                           683 B         221 kB
├ ƒ /dashboard                                       8.58 kB         298 kB
├ ƒ /dashboard/analytics                             21.3 kB         353 kB
├ ƒ /dashboard/autopilot                             4.14 kB         237 kB
├ ƒ /dashboard/budget                                4.48 kB         238 kB
├ ƒ /dashboard/calculator                            3.14 kB         236 kB
├ ƒ /dashboard/devtools                              2.82 kB         345 kB
├ ƒ /dashboard/devtools/[traceId]                    4.62 kB         349 kB
├ ƒ /dashboard/enterprise                            3.48 kB         224 kB
├ ƒ /dashboard/evals                                 1.63 kB         235 kB
├ ƒ /dashboard/fall                                  6.42 kB         228 kB
├ ƒ /dashboard/federated                             5.59 kB         226 kB
├ ƒ /dashboard/governance                            4.09 kB         237 kB
├ ƒ /dashboard/integrations                          3.72 kB         237 kB
├ ƒ /dashboard/keys                                  4.11 kB         237 kB
├ ƒ /dashboard/memories                              4.34 kB         237 kB
├ ƒ /dashboard/organizations                         3.76 kB         237 kB
├ ƒ /dashboard/organizations/[id]                    4.63 kB         238 kB
├ ƒ /dashboard/playground                            5.73 kB         239 kB
├ ƒ /dashboard/reports                               1.99 kB         222 kB
├ ƒ /dashboard/reranker                              6.16 kB         226 kB
├ ƒ /dashboard/security                              5.82 kB         226 kB
├ ƒ /dashboard/settings                              7.13 kB         240 kB
├ ƒ /dashboard/traces/compare                         4.6 kB         225 kB
├ ƒ /dashboard/usage                                 3.47 kB         237 kB
├ ƒ /dashboard/webhooks                              4.08 kB         237 kB
├ ○ /docs                                            9.03 kB         231 kB
├ ○ /docs/api-reference                              3.85 kB         226 kB
├ ○ /docs/byok                                       3.15 kB         225 kB
├ ○ /docs/errors                                     6.84 kB         229 kB
├ ○ /docs/faq                                        5.57 kB         227 kB
├ ○ /docs/quickstart                                 3.72 kB         226 kB
├ ƒ /invite/[token]                                   2.8 kB         228 kB
├ ○ /login                                           3.46 kB         229 kB
├ ○ /privacy                                           179 B         222 kB
├ ○ /refund                                            179 B         222 kB
├ ○ /robots.txt                                        683 B         221 kB
├ ○ /signup                                           4.2 kB         229 kB
├ ○ /sitemap.xml                                       683 B         221 kB
├ ○ /status                                          2.36 kB         224 kB
├ ƒ /t/[token]                                       2.76 kB         225 kB
├ ○ /terms                                             179 B         222 kB
└ ƒ /trace/[shareId]                                 2.23 kB         224 kB
+ First Load JS shared by all                         220 kB
  ├ chunks/2450-e081c5ac42813b73.js                   125 kB
  ├ chunks/4bd1b696-2cc0a4770f76d793.js              54.2 kB
  ├ chunks/52774a7f-a44b6277ac777af0.js                37 kB
  └ other shared chunks (total)                      3.64 kB


○  (Static)   prerendered as static content
●  (SSG)      prerendered as static HTML (uses generateStaticParams)
ƒ  (Dynamic)  server-rendered on demand

